<?xml version="1.0" encoding="UTF-8"?>
<!-- Generated by org.testng.reporters.JUnitReportReporter -->
<testsuite skipped="0" hostname="Qaplanet-PC" name="ModularFrameWork.Ts_12" tests="1" failures="0" timestamp="28 May 2019 13:43:44 GMT" time="12.044" errors="0">
  <testcase name="OrangeHRM" time="12.044" classname="ModularFrameWork.Ts_12"/>
</testsuite> <!-- ModularFrameWork.Ts_12 -->
