<?xml version="1.0" encoding="UTF-8"?>
<!-- Generated by org.testng.reporters.JUnitReportReporter -->
<testsuite skipped="0" hostname="Qaplanet-PC" name="ModularFrameWork.Tc_8" tests="1" failures="0" timestamp="28 May 2019 11:45:14 GMT" time="18.804" errors="0">
  <testcase name="OrangeHRM" time="18.804" classname="ModularFrameWork.Tc_8"/>
</testsuite> <!-- ModularFrameWork.Tc_8 -->
