<?xml version="1.0" encoding="UTF-8"?>
<!-- Generated by org.testng.reporters.JUnitReportReporter -->
<testsuite skipped="0" hostname="Qaplanet-PC" name="ModularFrameWork.Tc_6" tests="1" failures="0" timestamp="28 May 2019 11:22:58 GMT" time="27.567" errors="0">
  <testcase name="OrangeHRM" time="27.567" classname="ModularFrameWork.Tc_6"/>
</testsuite> <!-- ModularFrameWork.Tc_6 -->
