<?xml version="1.0" encoding="UTF-8"?>
<!-- Generated by org.testng.reporters.JUnitReportReporter -->
<testsuite skipped="0" hostname="Qaplanet-PC" name="ModularFrameWork.Tc_7" tests="1" failures="0" timestamp="28 May 2019 11:43:25 GMT" time="17.172" errors="0">
  <testcase name="OrangeHRM" time="17.172" classname="ModularFrameWork.Tc_7"/>
</testsuite> <!-- ModularFrameWork.Tc_7 -->
