<?xml version="1.0" encoding="UTF-8"?>
<!-- Generated by org.testng.reporters.JUnitReportReporter -->
<testsuite skipped="0" hostname="Qaplanet-PC" name="ModularFrameWork.Tc_9" tests="1" failures="0" timestamp="28 May 2019 12:36:36 GMT" time="21.854" errors="0">
  <testcase name="OrangeHRM" time="21.854" classname="ModularFrameWork.Tc_9"/>
</testsuite> <!-- ModularFrameWork.Tc_9 -->
