<?xml version="1.0" encoding="UTF-8"?>
<!-- Generated by org.testng.reporters.JUnitReportReporter -->
<testsuite skipped="0" hostname="Qaplanet-PC" name="ModularFrameWork.Tc_14" tests="1" failures="0" timestamp="28 May 2019 14:35:17 GMT" time="38.637" errors="0">
  <testcase name="OrangeHRM" time="38.637" classname="ModularFrameWork.Tc_14"/>
</testsuite> <!-- ModularFrameWork.Tc_14 -->
