<?xml version="1.0" encoding="UTF-8"?>
<!-- Generated by org.testng.reporters.JUnitReportReporter -->
<testsuite skipped="0" hostname="Qaplanet-PC" name="ModularFrameWork.Tc_1" tests="1" failures="0" timestamp="27 May 2019 10:58:14 GMT" time="34.700" errors="0">
  <testcase name="OrangeHRM" time="34.700" classname="ModularFrameWork.Tc_1"/>
</testsuite> <!-- ModularFrameWork.Tc_1 -->
