<?xml version="1.0" encoding="UTF-8"?>
<!-- Generated by org.testng.reporters.JUnitReportReporter -->
<testsuite skipped="0" hostname="Qaplanet-PC" name="TestNGDataEx.ParameterizedTest1" tests="1" failures="0" timestamp="27 May 2019 11:44:23 GMT" time="0.000" errors="0">
  <testcase name="parameterTest" time="0.000" classname="TestNGDataEx.ParameterizedTest1"/>
</testsuite> <!-- TestNGDataEx.ParameterizedTest1 -->
