<?xml version="1.0" encoding="UTF-8"?>
<!-- Generated by org.testng.reporters.JUnitReportReporter -->
<testsuite skipped="0" hostname="Qaplanet-PC" name="ModularFrameWork.Tc_4" tests="1" failures="0" timestamp="27 May 2019 11:37:29 GMT" time="12.638" errors="0">
  <testcase name="OrangeHRM" time="12.638" classname="ModularFrameWork.Tc_4"/>
</testsuite> <!-- ModularFrameWork.Tc_4 -->
