<?xml version="1.0" encoding="UTF-8"?>
<!-- Generated by org.testng.reporters.JUnitReportReporter -->
<testsuite skipped="0" hostname="Qaplanet-PC" name="ModularFrameWork.Tc_10" tests="1" failures="0" timestamp="28 May 2019 12:53:11 GMT" time="31.382" errors="0">
  <testcase name="OrangeHRM" time="31.382" classname="ModularFrameWork.Tc_10"/>
</testsuite> <!-- ModularFrameWork.Tc_10 -->
