<?xml version="1.0" encoding="UTF-8"?>
<!-- Generated by org.testng.reporters.JUnitReportReporter -->
<testsuite skipped="0" hostname="Qaplanet-PC" name="DataDrivenFrame.Tc_1" tests="1" failures="0" timestamp="29 May 2019 14:14:31 GMT" time="14.355" errors="0">
  <testcase name="ex1" time="14.355" classname="DataDrivenFrame.Tc_1"/>
</testsuite> <!-- DataDrivenFrame.Tc_1 -->
