<?xml version="1.0" encoding="UTF-8"?>
<!-- Generated by org.testng.reporters.JUnitReportReporter -->
<testsuite skipped="0" hostname="Qaplanet-PC" name="DataDrivenFrame.PropertiesEx1" tests="1" failures="0" timestamp="29 May 2019 09:48:23 GMT" time="48.390" errors="0">
  <testcase name="ex1" time="48.390" classname="DataDrivenFrame.PropertiesEx1"/>
</testsuite> <!-- DataDrivenFrame.PropertiesEx1 -->
