<?xml version="1.0" encoding="UTF-8"?>
<!-- Generated by org.testng.reporters.JUnitReportReporter -->
<testsuite skipped="0" hostname="Qaplanet-PC" name="ModularFrameWork.Tc_11" tests="1" failures="0" timestamp="28 May 2019 13:11:42 GMT" time="11.128" errors="0">
  <testcase name="OrangeHRM" time="11.128" classname="ModularFrameWork.Tc_11"/>
</testsuite> <!-- ModularFrameWork.Tc_11 -->
