<?xml version="1.0" encoding="UTF-8"?>
<!-- Generated by org.testng.reporters.JUnitReportReporter -->
<testsuite skipped="0" hostname="Qaplanet-PC" name="ModularFrameWork.TC_3" tests="1" failures="0" timestamp="27 May 2019 11:47:28 GMT" time="38.527" errors="0">
  <testcase name="OrangeHRM" time="38.527" classname="ModularFrameWork.TC_3"/>
</testsuite> <!-- ModularFrameWork.TC_3 -->
