<?xml version="1.0" encoding="UTF-8"?>
<!-- Generated by org.testng.reporters.JUnitReportReporter -->
<testsuite skipped="0" hostname="Qaplanet-PC" name="ModularFrameWork.Tc_5" tests="1" failures="0" timestamp="27 May 2019 14:44:45 GMT" time="16.305" errors="0">
  <testcase name="OrangeHRM" time="16.305" classname="ModularFrameWork.Tc_5"/>
</testsuite> <!-- ModularFrameWork.Tc_5 -->
